  [1m[35m (0.2ms)[0m  [1m[35mSET NAMES utf8,  @@SESSION.sql_mode = CONCAT(REPLACE(REPLACE(REPLACE(@@sql_mode, 'STRICT_TRANS_TABLES', ''), 'STRICT_ALL_TABLES', ''), 'TRADITIONAL', ''), ',NO_AUTO_VALUE_ON_ZERO'),  @@SESSION.sql_auto_is_null = 0, @@SESSION.wait_timeout = 2147483[0m
  [1m[35m (338.6ms)[0m  [1m[35mCREATE TABLE `schema_migrations` (`version` varchar(255) NOT NULL PRIMARY KEY) ENGINE=InnoDB[0m
  [1m[35m (284.0ms)[0m  [1m[35mCREATE TABLE `ar_internal_metadata` (`key` varchar(255) NOT NULL PRIMARY KEY, `value` varchar(255), `created_at` datetime NOT NULL, `updated_at` datetime NOT NULL) ENGINE=InnoDB[0m
  [1m[35m (0.3ms)[0m  [1m[34mSELECT `schema_migrations`.`version` FROM `schema_migrations` ORDER BY `schema_migrations`.`version` ASC[0m
  [1m[35m (0.2ms)[0m  [1m[35mSET NAMES utf8,  @@SESSION.sql_mode = CONCAT(REPLACE(REPLACE(REPLACE(@@sql_mode, 'STRICT_TRANS_TABLES', ''), 'STRICT_ALL_TABLES', ''), 'TRADITIONAL', ''), ',NO_AUTO_VALUE_ON_ZERO'),  @@SESSION.sql_auto_is_null = 0, @@SESSION.wait_timeout = 2147483[0m
  [1m[35m (0.1ms)[0m  [1m[34mSELECT GET_LOCK('6965469184171088535', 0)[0m
  [1m[35m (0.2ms)[0m  [1m[34mSELECT `schema_migrations`.`version` FROM `schema_migrations` ORDER BY `schema_migrations`.`version` ASC[0m
Migrating to DeviseCreateAdminUsers (20180601152752)
  [1m[35m (294.4ms)[0m  [1m[35mCREATE TABLE `admin_users` (`id` bigint NOT NULL AUTO_INCREMENT PRIMARY KEY, `email` varchar(255) DEFAULT '' NOT NULL, `encrypted_password` varchar(255) DEFAULT '' NOT NULL, `reset_password_token` varchar(255), `reset_password_sent_at` datetime, `remember_created_at` datetime, `sign_in_count` int DEFAULT 0 NOT NULL, `current_sign_in_at` datetime, `last_sign_in_at` datetime, `current_sign_in_ip` varchar(255), `last_sign_in_ip` varchar(255), `created_at` datetime NOT NULL, `updated_at` datetime NOT NULL) ENGINE=InnoDB[0m
  [1m[35m (252.6ms)[0m  [1m[35mCREATE UNIQUE INDEX `index_admin_users_on_email`  ON `admin_users` (`email`) [0m
  [1m[35m (199.1ms)[0m  [1m[35mCREATE UNIQUE INDEX `index_admin_users_on_reset_password_token`  ON `admin_users` (`reset_password_token`) [0m
  [1m[35m (0.2ms)[0m  [1m[35mBEGIN[0m
  [1m[35mSQL (0.3ms)[0m  [1m[32mINSERT INTO `schema_migrations` (`version`) VALUES ('20180601152752')[0m
  [1m[35m (30.2ms)[0m  [1m[35mCOMMIT[0m
Migrating to CreateActiveAdminComments (20180601152755)
  [1m[35m (299.0ms)[0m  [1m[35mCREATE TABLE `active_admin_comments` (`id` bigint NOT NULL AUTO_INCREMENT PRIMARY KEY, `namespace` varchar(255), `body` text, `resource_type` varchar(255), `resource_id` bigint, `author_type` varchar(255), `author_id` bigint, `created_at` datetime NOT NULL, `updated_at` datetime NOT NULL,  INDEX `index_active_admin_comments_on_resource_type_and_resource_id`  (`resource_type`, `resource_id`),  INDEX `index_active_admin_comments_on_author_type_and_author_id`  (`author_type`, `author_id`)) ENGINE=InnoDB[0m
  [1m[35m (298.1ms)[0m  [1m[35mCREATE  INDEX `index_active_admin_comments_on_namespace`  ON `active_admin_comments` (`namespace`) [0m
  [1m[35m (0.2ms)[0m  [1m[35mBEGIN[0m
  [1m[35mSQL (0.4ms)[0m  [1m[32mINSERT INTO `schema_migrations` (`version`) VALUES ('20180601152755')[0m
  [1m[35m (65.0ms)[0m  [1m[35mCOMMIT[0m
  [1m[36mActiveRecord::InternalMetadata Load (0.3ms)[0m  [1m[34mSELECT  `ar_internal_metadata`.* FROM `ar_internal_metadata` WHERE `ar_internal_metadata`.`key` = 'environment' LIMIT 1[0m
  [1m[35m (0.1ms)[0m  [1m[35mBEGIN[0m
  [1m[35mSQL (0.3ms)[0m  [1m[32mINSERT INTO `ar_internal_metadata` (`key`, `value`, `created_at`, `updated_at`) VALUES ('environment', 'development', '2018-06-01 16:46:55', '2018-06-01 16:46:55')[0m
  [1m[35m (26.3ms)[0m  [1m[35mCOMMIT[0m
  [1m[35m (0.5ms)[0m  [1m[34mSELECT RELEASE_LOCK('6965469184171088535')[0m
  [1m[35m (0.2ms)[0m  [1m[34mSELECT `schema_migrations`.`version` FROM `schema_migrations` ORDER BY `schema_migrations`.`version` ASC[0m
  [1m[35m (0.2ms)[0m  [1m[35mSET NAMES utf8,  @@SESSION.sql_mode = CONCAT(REPLACE(REPLACE(REPLACE(@@sql_mode, 'STRICT_TRANS_TABLES', ''), 'STRICT_ALL_TABLES', ''), 'TRADITIONAL', ''), ',NO_AUTO_VALUE_ON_ZERO'),  @@SESSION.sql_auto_is_null = 0, @@SESSION.wait_timeout = 2147483[0m
  [1m[35m (0.2ms)[0m  [1m[34mSELECT `schema_migrations`.`version` FROM `schema_migrations` ORDER BY `schema_migrations`.`version` ASC[0m
  [1m[35m (0.1ms)[0m  [1m[35mBEGIN[0m
  [1m[36mAdminUser Exists (0.3ms)[0m  [1m[34mSELECT  1 AS one FROM `admin_users` WHERE `admin_users`.`email` = BINARY 'admin@example.com' LIMIT 1[0m
  [1m[35mSQL (0.4ms)[0m  [1m[32mINSERT INTO `admin_users` (`email`, `encrypted_password`, `created_at`, `updated_at`) VALUES ('admin@example.com', '$2a$11$FmOx8zwrELfvQuXQsoCCfOQGS3BasyZURe.JVdwH0lt.fda8.nVP6', '2018-06-01 16:47:00', '2018-06-01 16:47:00')[0m
  [1m[35m (135.5ms)[0m  [1m[35mCOMMIT[0m
  [1m[35m (0.2ms)[0m  [1m[35mSET NAMES utf8,  @@SESSION.sql_mode = CONCAT(REPLACE(REPLACE(REPLACE(@@sql_mode, 'STRICT_TRANS_TABLES', ''), 'STRICT_ALL_TABLES', ''), 'TRADITIONAL', ''), ',NO_AUTO_VALUE_ON_ZERO'),  @@SESSION.sql_auto_is_null = 0, @@SESSION.wait_timeout = 2147483[0m
  [1m[35m (0.2ms)[0m  [1m[34mSELECT GET_LOCK('6965469184171088535', 0)[0m
  [1m[35m (0.2ms)[0m  [1m[34mSELECT `schema_migrations`.`version` FROM `schema_migrations` ORDER BY `schema_migrations`.`version` ASC[0m
Migrating to CreateUsers (20180601190019)
  [1m[35m (329.5ms)[0m  [1m[35mCREATE TABLE `users` (`id` bigint NOT NULL AUTO_INCREMENT PRIMARY KEY, `name` varchar(255), `email` varchar(255), `password_digest` varchar(255), `profile_picture` varchar(255), `role` int, `gender` varchar(255), `rate` int, `email_confirmed` tinyint(1) DEFAULT 0, `confirm_token` varchar(255), `created_at` datetime NOT NULL, `updated_at` datetime NOT NULL) ENGINE=InnoDB[0m
  [1m[35m (0.2ms)[0m  [1m[35mBEGIN[0m
  [1m[35mSQL (0.4ms)[0m  [1m[32mINSERT INTO `schema_migrations` (`version`) VALUES ('20180601190019')[0m
  [1m[35m (26.3ms)[0m  [1m[35mCOMMIT[0m
  [1m[36mActiveRecord::InternalMetadata Load (0.6ms)[0m  [1m[34mSELECT  `ar_internal_metadata`.* FROM `ar_internal_metadata` WHERE `ar_internal_metadata`.`key` = 'environment' LIMIT 1[0m
  [1m[35m (0.3ms)[0m  [1m[35mBEGIN[0m
  [1m[35m (0.3ms)[0m  [1m[35mCOMMIT[0m
  [1m[35m (0.4ms)[0m  [1m[34mSELECT RELEASE_LOCK('6965469184171088535')[0m
  [1m[35m (0.4ms)[0m  [1m[34mSELECT `schema_migrations`.`version` FROM `schema_migrations` ORDER BY `schema_migrations`.`version` ASC[0m
